<?xml version="1.0" encoding="UTF-8"?>
<!-- Generated by org.testng.reporters.JUnitReportReporter -->
<testsuite hostname="LAPTOP-4PCOUT3C" failures="0" tests="1" name="aPack.AppiumDemo" time="8.463" errors="0" timestamp="2024-03-19T15:42:15 CET" skipped="0">
  <testcase classname="aPack.AppiumDemo" name="wifiSettingTest" time="8.463"/>
  <system-out/>
</testsuite> <!-- aPack.AppiumDemo -->
